10:21:23 DEBUG : Logs will be stored at 'C:/repo/my_project/5_my_work/1_LED_control/IDE.log'.
10:21:38 INFO  : Registering command handlers for Vitis TCF services
10:21:38 INFO  : Launching XSCT server: xsct.bat -n  -interactive C:\repo\my_project\5_my_work\1_LED_control\temp_xsdb_launch_script.tcl
10:21:38 INFO  : Platform repository initialization has completed.
10:21:42 INFO  : XSCT server has started successfully.
10:21:42 INFO  : Successfully done setting XSCT server connection channel  
10:21:46 INFO  : plnx-install-location is set to ''
10:21:46 INFO  : Successfully done setting workspace for the tool. 
10:21:46 INFO  : Successfully done query RDI_DATADIR 
10:24:49 INFO  : Result from executing command 'getProjects': LED_control
10:24:49 INFO  : Result from executing command 'getPlatforms': 
10:41:56 INFO  : Result from executing command 'getProjects': LED_control
10:41:56 INFO  : Result from executing command 'getPlatforms': LED_control|C:/repo/my_project/5_my_work/1_LED_control/LED_control/export/LED_control/LED_control.xpfm
10:41:56 INFO  : Checking for BSP changes to sync application flags for project 'led_control_app'...
10:43:22 INFO  : Connected to target on host '127.0.0.1' and port '3121'.
10:43:23 INFO  : Jtag cable 'Digilent Zybo Z7 210351BD24D5A' is selected.
10:43:23 INFO  : 'jtag frequency' command is executed.
10:43:23 INFO  : Context for 'APU' is selected.
10:43:23 INFO  : System reset is completed.
10:43:26 INFO  : 'after 3000' command is executed.
10:43:26 INFO  : 'targets -set -filter {jtag_cable_name =~ "Digilent Zybo Z7 210351BD24D5A" && level==0 && jtag_device_ctx=="jsn-Zybo Z7-210351BD24D5A-23727093-0"}' command is executed.
10:43:29 INFO  : Device configured successfully with "C:/repo/my_project/5_my_work/1_LED_control/led_control_app/_ide/bitstream/system_wrapper.bit"
10:43:29 INFO  : Context for 'APU' is selected.
10:43:29 INFO  : Hardware design and registers information is loaded from 'C:/repo/my_project/5_my_work/1_LED_control/LED_control/export/LED_control/hw/system_wrapper.xsa'.
10:43:29 INFO  : 'configparams force-mem-access 1' command is executed.
10:43:29 INFO  : Context for 'APU' is selected.
10:43:29 INFO  : Sourcing of 'C:/repo/my_project/5_my_work/1_LED_control/led_control_app/_ide/psinit/ps7_init.tcl' is done.
10:43:29 INFO  : 'ps7_init' command is executed.
10:43:29 INFO  : 'ps7_post_config' command is executed.
10:43:29 INFO  : Context for processor 'ps7_cortexa9_0' is selected.
10:43:29 INFO  : The application 'C:/repo/my_project/5_my_work/1_LED_control/led_control_app/Debug/led_control_app.elf' is downloaded to processor 'ps7_cortexa9_0'.
10:43:29 INFO  : 'configparams force-mem-access 0' command is executed.
10:43:29 INFO  : ----------------XSDB Script----------------
connect -url tcp:127.0.0.1:3121
targets -set -nocase -filter {name =~"APU*"}
rst -system
after 3000
targets -set -filter {jtag_cable_name =~ "Digilent Zybo Z7 210351BD24D5A" && level==0 && jtag_device_ctx=="jsn-Zybo Z7-210351BD24D5A-23727093-0"}
fpga -file C:/repo/my_project/5_my_work/1_LED_control/led_control_app/_ide/bitstream/system_wrapper.bit
targets -set -nocase -filter {name =~"APU*"}
loadhw -hw C:/repo/my_project/5_my_work/1_LED_control/LED_control/export/LED_control/hw/system_wrapper.xsa -mem-ranges [list {0x40000000 0xbfffffff}] -regs
configparams force-mem-access 1
targets -set -nocase -filter {name =~"APU*"}
source C:/repo/my_project/5_my_work/1_LED_control/led_control_app/_ide/psinit/ps7_init.tcl
ps7_init
ps7_post_config
targets -set -nocase -filter {name =~ "*A9*#0"}
dow C:/repo/my_project/5_my_work/1_LED_control/led_control_app/Debug/led_control_app.elf
configparams force-mem-access 0
----------------End of Script----------------

10:43:29 INFO  : Context for processor 'ps7_cortexa9_0' is selected.
10:43:29 INFO  : 'con' command is executed.
10:43:29 INFO  : ----------------XSDB Script (After Launch)----------------
targets -set -nocase -filter {name =~ "*A9*#0"}
con
----------------End of Script----------------

10:43:29 INFO  : Launch script is exported to file 'C:\repo\my_project\5_my_work\1_LED_control\led_control_app_system\_ide\scripts\debugger_led_control_app-default.tcl'
11:03:51 INFO  : Checking for BSP changes to sync application flags for project 'led_control_app'...
11:08:41 INFO  : Disconnected from the channel tcfchan#2.
11:08:42 INFO  : Connected to target on host '127.0.0.1' and port '3121'.
11:08:42 INFO  : Jtag cable 'Digilent Zybo Z7 210351BD24D5A' is selected.
11:08:42 INFO  : 'jtag frequency' command is executed.
11:08:42 INFO  : Context for 'APU' is selected.
11:08:42 INFO  : System reset is completed.
11:08:45 INFO  : 'after 3000' command is executed.
11:08:45 INFO  : 'targets -set -filter {jtag_cable_name =~ "Digilent Zybo Z7 210351BD24D5A" && level==0 && jtag_device_ctx=="jsn-Zybo Z7-210351BD24D5A-23727093-0"}' command is executed.
11:08:48 INFO  : Device configured successfully with "C:/repo/my_project/5_my_work/1_LED_control/led_control_app/_ide/bitstream/system_wrapper.bit"
11:08:48 INFO  : Context for 'APU' is selected.
11:08:48 INFO  : Hardware design and registers information is loaded from 'C:/repo/my_project/5_my_work/1_LED_control/LED_control/export/LED_control/hw/system_wrapper.xsa'.
11:08:48 INFO  : 'configparams force-mem-access 1' command is executed.
11:08:48 INFO  : Context for 'APU' is selected.
11:08:48 INFO  : Sourcing of 'C:/repo/my_project/5_my_work/1_LED_control/led_control_app/_ide/psinit/ps7_init.tcl' is done.
11:08:48 INFO  : 'ps7_init' command is executed.
11:08:48 INFO  : 'ps7_post_config' command is executed.
11:08:48 INFO  : Context for processor 'ps7_cortexa9_0' is selected.
11:08:48 INFO  : The application 'C:/repo/my_project/5_my_work/1_LED_control/led_control_app/Debug/led_control_app.elf' is downloaded to processor 'ps7_cortexa9_0'.
11:08:48 INFO  : 'configparams force-mem-access 0' command is executed.
11:08:48 INFO  : ----------------XSDB Script----------------
connect -url tcp:127.0.0.1:3121
targets -set -nocase -filter {name =~"APU*"}
rst -system
after 3000
targets -set -filter {jtag_cable_name =~ "Digilent Zybo Z7 210351BD24D5A" && level==0 && jtag_device_ctx=="jsn-Zybo Z7-210351BD24D5A-23727093-0"}
fpga -file C:/repo/my_project/5_my_work/1_LED_control/led_control_app/_ide/bitstream/system_wrapper.bit
targets -set -nocase -filter {name =~"APU*"}
loadhw -hw C:/repo/my_project/5_my_work/1_LED_control/LED_control/export/LED_control/hw/system_wrapper.xsa -mem-ranges [list {0x40000000 0xbfffffff}] -regs
configparams force-mem-access 1
targets -set -nocase -filter {name =~"APU*"}
source C:/repo/my_project/5_my_work/1_LED_control/led_control_app/_ide/psinit/ps7_init.tcl
ps7_init
ps7_post_config
targets -set -nocase -filter {name =~ "*A9*#0"}
dow C:/repo/my_project/5_my_work/1_LED_control/led_control_app/Debug/led_control_app.elf
configparams force-mem-access 0
----------------End of Script----------------

11:08:48 INFO  : Context for processor 'ps7_cortexa9_0' is selected.
11:08:48 INFO  : 'con' command is executed.
11:08:48 INFO  : ----------------XSDB Script (After Launch)----------------
targets -set -nocase -filter {name =~ "*A9*#0"}
con
----------------End of Script----------------

11:08:48 INFO  : Launch script is exported to file 'C:\repo\my_project\5_my_work\1_LED_control\led_control_app_system\_ide\scripts\systemdebugger_led_control_app_system_standalone.tcl'
11:19:23 INFO  : Disconnected from the channel tcfchan#3.
